<?xml version="1.0" encoding="UTF-8"?>
<!-- Generated by org.testng.reporters.JUnitXMLReporter -->
<testsuite ignored="0" hostname="LAPTOP-GDG8CGHE" failures="1" tests="1" name="Test(failed)" time="14.53" errors="0" timestamp="2024-04-19T00:32:02 IST">
  <testcase classname="testCases.TC_001_AccountRegistrationTest" name="verify_account_registratdriver" time="6.849">
    <failure type="java.lang.AssertionError" message="null">
      <![CDATA[java.lang.AssertionError: null
at testCases.TC_001_AccountRegistrationTest.verify_account_registratdriver(TC_001_AccountRegistrationTest.java:46)
at java.base/java.util.ArrayList.forEach(ArrayList.java:1511)
... Removed 29 stack frames]]>
    </failure>
  </testcase> <!-- verify_account_registratdriver -->
</testsuite> <!-- Test(failed) -->
